2019-08-17 12:38:06 INFO  PluginTasksProjectComponent.projectOpened(77) - ---------- Project opened ----------
2019-08-17 12:38:06 INFO  PluginTasksProjectComponent.projectOpened(78) - ---------- Version 3.31 ----------

2019-08-17 12:38:06 INFO  PluginTasksProjectComponent.setAutoscrolls(366) - Autoscrolls successfully set
2019-08-17 12:38:06 INFO  ApacheHttpClient.isSessionAppropriateWithSecretKey(570) - The session is not set in the property file.
2019-08-17 12:38:06 INFO  ApacheHttpClient.login(236) - Waiting for server response.
2019-08-17 12:38:07 INFO  ApacheHttpClient.login(236) - Waiting for server response.
2019-08-17 12:38:07 INFO  ApacheHttpClient.login(240) - responseCode = 200
2019-08-17 12:38:07 INFO  ApacheHttpClient.login(263) - JSESSIONID OK
2019-08-17 12:38:07 INFO  ApacheHttpClient.refreshUserInfo(291) - responseCode = 200
2019-08-17 12:38:07 INFO  ApacheHttpClient.refreshUserInfo(297) - User information received.
2019-08-17 12:38:07 INFO  ApacheHttpClient.startGA(35) - GAService started.
2019-08-17 12:38:07 INFO  AbstractRestApiClient.startService(71) - EventsService started.
2019-08-17 12:38:30 INFO  ApacheHttpClient.getWebResourceAsStream(483) - responseCode = 200
2019-08-17 12:38:33 INFO  ApacheHttpClient.getFilteredTasks(322) - responseCode = 200
2019-08-17 12:38:46 INFO  ApacheHttpClient.getFilteredTasks(322) - responseCode = 200
2019-08-17 13:02:44 INFO  ApacheHttpClient.getTaskTemplateInfo(339) - responseCode = 200
2019-08-17 13:02:49 INFO  ApacheHttpClient.getWebResourceAsStream(483) - responseCode = 200
2019-08-17 13:03:07 INFO  ApacheHttpClient.sendEvent(516) - responseCode = 200
2019-08-17 13:03:43 INFO  ApacheHttpClient.getWebResourceAsStream(483) - responseCode = 200
2019-08-17 13:03:43 INFO  ApacheHttpClient.getTask(469) - responseCode = 200
2019-08-17 13:03:44 INFO  ApacheHttpClient.getWebResourceAsStream(483) - responseCode = 200
2019-08-17 13:03:44 INFO  ApacheHttpClient.completed(28) - responseCode = 200
2019-08-17 13:03:45 INFO  ApacheHttpClient.getTask(469) - responseCode = 200
2019-08-17 13:04:07 INFO  ApacheHttpClient.sendEvent(516) - responseCode = 200
2019-08-17 13:04:10 INFO  ApacheHttpClient.getWebResourceAsStream(483) - responseCode = 200
2019-08-17 13:04:11 INFO  ApacheHttpClient.getFilteredTasks(322) - responseCode = 200
2019-08-17 13:04:31 INFO  ApacheHttpClient.getTaskTemplateInfo(339) - responseCode = 200
2019-08-17 13:04:31 INFO  ApacheHttpClient.getWebResourceAsStream(483) - responseCode = 200
2019-08-17 13:04:46 INFO  ApacheHttpClient.getWebResourceAsStream(483) - responseCode = 200
2019-08-17 13:05:07 INFO  ApacheHttpClient.sendEvent(516) - responseCode = 200
2019-08-17 13:06:07 INFO  ApacheHttpClient.sendEvent(516) - responseCode = 200
2019-08-17 13:07:07 INFO  ApacheHttpClient.sendEvent(516) - responseCode = 200
2019-08-17 13:08:07 INFO  ApacheHttpClient.sendEvent(516) - responseCode = 200
2019-08-17 13:09:07 INFO  ApacheHttpClient.sendEvent(516) - responseCode = 200
2019-08-17 13:10:07 INFO  ApacheHttpClient.sendEvent(516) - responseCode = 200
2019-08-17 13:11:07 INFO  ApacheHttpClient.sendEvent(516) - responseCode = 200
2019-08-17 13:12:07 INFO  ApacheHttpClient.sendEvent(516) - responseCode = 200
2019-08-17 13:13:07 INFO  ApacheHttpClient.sendEvent(516) - responseCode = 200
2019-08-17 13:14:07 INFO  ApacheHttpClient.sendEvent(516) - responseCode = 200
2019-08-17 13:14:25 INFO  ApacheHttpClient.getWebResourceAsStream(483) - responseCode = 200
2019-08-17 13:14:26 INFO  ApacheHttpClient.getTask(469) - responseCode = 200
2019-08-17 13:14:26 INFO  ApacheHttpClient.getWebResourceAsStream(483) - responseCode = 200
2019-08-17 13:14:26 INFO  ApacheHttpClient.completed(28) - responseCode = 200
2019-08-17 13:15:07 INFO  ApacheHttpClient.sendEvent(516) - responseCode = 200
2019-08-17 13:15:42 INFO  ApacheHttpClient.getWebResourceAsStream(483) - responseCode = 200
2019-08-17 13:15:42 INFO  ApacheHttpClient.getTask(469) - responseCode = 200
2019-08-17 13:15:43 INFO  ApacheHttpClient.getWebResourceAsStream(483) - responseCode = 200
2019-08-17 13:15:43 INFO  ApacheHttpClient.completed(28) - responseCode = 200
2019-08-17 13:15:44 INFO  ApacheHttpClient.getTask(469) - responseCode = 200
2019-08-17 13:15:54 INFO  ApacheHttpClient.getWebResourceAsStream(483) - responseCode = 200
2019-08-17 13:15:55 INFO  ApacheHttpClient.getFilteredTasks(322) - responseCode = 200
2019-08-17 13:16:07 INFO  ApacheHttpClient.sendEvent(516) - responseCode = 200
2019-08-17 13:17:07 INFO  ApacheHttpClient.sendEvent(516) - responseCode = 200
2019-08-17 13:17:35 INFO  ApacheHttpClient.getTaskTemplateInfo(339) - responseCode = 200
2019-08-17 13:17:35 INFO  ApacheHttpClient.getWebResourceAsStream(483) - responseCode = 200
2019-08-17 13:18:07 INFO  ApacheHttpClient.sendEvent(516) - responseCode = 200
2019-08-17 13:19:07 INFO  ApacheHttpClient.sendEvent(516) - responseCode = 200
2019-08-17 13:20:07 INFO  ApacheHttpClient.sendEvent(516) - responseCode = 200
2019-08-17 13:21:07 INFO  ApacheHttpClient.sendEvent(516) - responseCode = 200
2019-08-17 13:22:07 INFO  ApacheHttpClient.sendEvent(516) - responseCode = 200
2019-08-17 13:23:07 INFO  ApacheHttpClient.sendEvent(516) - responseCode = 200
2019-08-17 13:24:07 INFO  ApacheHttpClient.sendEvent(516) - responseCode = 200
2019-08-17 13:25:07 INFO  ApacheHttpClient.sendEvent(516) - responseCode = 200
2019-08-17 13:25:22 INFO  ApacheHttpClient.getWebResourceAsStream(483) - responseCode = 200
2019-08-17 13:25:22 INFO  ApacheHttpClient.getTask(469) - responseCode = 200
2019-08-17 13:25:23 INFO  ApacheHttpClient.getWebResourceAsStream(483) - responseCode = 200
2019-08-17 13:25:23 INFO  ApacheHttpClient.completed(28) - responseCode = 200
2019-08-17 13:25:46 INFO  ApacheHttpClient.getWebResourceAsStream(483) - responseCode = 200
2019-08-17 13:25:48 INFO  ApacheHttpClient.getFilteredTasks(322) - responseCode = 200
2019-08-17 13:25:53 INFO  ApacheHttpClient.getWebResourceAsStream(483) - responseCode = 200
2019-08-17 13:25:53 INFO  ApacheHttpClient.getTask(469) - responseCode = 200
2019-08-17 13:25:54 INFO  ApacheHttpClient.getWebResourceAsStream(483) - responseCode = 200
2019-08-17 13:25:54 INFO  ApacheHttpClient.completed(28) - responseCode = 200
2019-08-17 13:26:07 INFO  ApacheHttpClient.sendEvent(516) - responseCode = 200
2019-08-17 13:26:18 INFO  PluginTasksProjectComponent.projectClosing(188) - ---------- Project closed ----------

2019-08-17 13:26:18 INFO  ApacheHttpClient.getTask(469) - responseCode = 200
2019-08-17 13:26:18 INFO  ApacheHttpClient.getTask(469) - responseCode = 200
2019-08-17 13:26:18 INFO  ApacheHttpClient.getTask(469) - responseCode = 200
